<?xml version="1.0" encoding="UTF-8"?>
<testng-results skipped="0" failed="0" ignored="0" total="1" passed="1">
  <reporter-output>
  </reporter-output>
  <suite name="Suite" duration-ms="35383" started-at="2021-01-30T23:37:16Z" finished-at="2021-01-30T23:37:52Z">
    <groups>
      <group name="cucumber">
        <method signature="AbstractTestNGCucumberTests.runScenario(io.cucumber.testng.PickleEventWrapper, io.cucumber.testng.CucumberFeatureWrapper)[pri:0, instance:runner.RunCuke@19b4d0f]" name="runScenario" class="io.cucumber.testng.AbstractTestNGCucumberTests"/>
      </group> <!-- cucumber -->
    </groups>
    <test name="Test" duration-ms="35383" started-at="2021-01-30T23:37:16Z" finished-at="2021-01-30T23:37:52Z">
      <class name="runner.RunCuke">
        <test-method status="PASS" signature="setUpClass()[pri:0, instance:runner.RunCuke@19b4d0f]" name="setUpClass" is-config="true" duration-ms="606" started-at="2021-01-30T23:37:16Z" finished-at="2021-01-30T23:37:17Z">
          <reporter-output>
          </reporter-output>
        </test-method> <!-- setUpClass -->
        <test-method status="PASS" signature="setup()[pri:0, instance:runner.RunCuke@19b4d0f]" name="setup" is-config="true" duration-ms="0" started-at="2021-01-30T23:37:17Z" finished-at="2021-01-30T23:37:17Z">
          <reporter-output>
          </reporter-output>
        </test-method> <!-- setup -->
        <test-method status="PASS" signature="runScenario(io.cucumber.testng.PickleEventWrapper, io.cucumber.testng.CucumberFeatureWrapper)[pri:0, instance:runner.RunCuke@19b4d0f]" name="runScenario" duration-ms="32209" started-at="2021-01-30T23:37:17Z" description="Runs Cucumber Scenarios" data-provider="scenarios" finished-at="2021-01-30T23:37:49Z">
          <params>
            <param index="0">
              <value>
                <![CDATA["Validate search cars page"]]>
              </value>
            </param>
            <param index="1">
              <value>
                <![CDATA["Acceptance testing to validate search cars page is working fine."]]>
              </value>
            </param>
          </params>
          <reporter-output>
          </reporter-output>
        </test-method> <!-- runScenario -->
        <test-method status="PASS" signature="teardown()[pri:0, instance:runner.RunCuke@19b4d0f]" name="teardown" is-config="true" duration-ms="1" started-at="2021-01-30T23:37:49Z" finished-at="2021-01-30T23:37:49Z">
          <reporter-output>
          </reporter-output>
        </test-method> <!-- teardown -->
        <test-method status="PASS" signature="tearDownClass()[pri:0, instance:runner.RunCuke@19b4d0f]" name="tearDownClass" is-config="true" duration-ms="2492" started-at="2021-01-30T23:37:49Z" finished-at="2021-01-30T23:37:52Z">
          <reporter-output>
          </reporter-output>
        </test-method> <!-- tearDownClass -->
      </class> <!-- runner.RunCuke -->
    </test> <!-- Test -->
  </suite> <!-- Suite -->
</testng-results>
